<test>
  <runtime>
    <dependencies></dependencies>
  </runtime>
</test>
